<?xml version="1.0" encoding="UTF-8"?>
<!-- Generated by org.testng.reporters.JUnitReportReporter -->
<testsuite hostname="DESKTOP-4HKP5DD" name="demo2test" tests="1" failures="0" timestamp="24 Apr 2017 19:03:53 GMT" time="9.845" errors="0">
  <testcase name="testApp" time="9.845" classname="demo2test"/>
</testsuite> <!-- demo2test -->
